\BOOKMARK [0][-]{chapter*.1}{\376\377\000I\000n\000t\000r\000o\000d\000u\000z\000i\000o\000n\000e}{}% 1
\BOOKMARK [0][-]{section*.2}{\376\377\000I\000n\000d\000i\000c\000e}{}% 2
\BOOKMARK [0][-]{section*.3}{\376\377\000E\000l\000e\000n\000c\000o\000\040\000d\000e\000l\000l\000e\000\040\000f\000i\000g\000u\000r\000e}{}% 3
\BOOKMARK [0][-]{section*.4}{\376\377\000E\000l\000e\000n\000c\000o\000\040\000d\000e\000l\000l\000e\000\040\000t\000a\000b\000e\000l\000l\000e}{}% 4
\BOOKMARK [0][-]{chapter.1}{\376\377\000I\000n\000t\000r\000o\000d\000u\000z\000i\000o\000n\000e\000\040\000e\000\040\000C\000o\000n\000t\000e\000s\000t\000o}{}% 5
\BOOKMARK [1][-]{section.1.1}{\376\377\000M\000o\000t\000i\000v\000a\000z\000i\000o\000n\000e\000\040\000e\000\040\000O\000b\000i\000e\000t\000t\000i\000v\000i\000\040\000d\000e\000l\000l\000a\000\040\000T\000e\000s\000i}{chapter.1}% 6
\BOOKMARK [2][-]{subsection.1.1.1}{\376\377\000C\000o\000n\000t\000e\000s\000t\000o\000\040\000A\000p\000p\000l\000i\000c\000a\000t\000i\000v\000o}{section.1.1}% 7
\BOOKMARK [2][-]{subsection.1.1.2}{\376\377\000O\000b\000i\000e\000t\000t\000i\000v\000i\000\040\000S\000p\000e\000c\000i\000f\000i\000c\000i}{section.1.1}% 8
\BOOKMARK [1][-]{section.1.2}{\376\377\000S\000t\000o\000r\000i\000a\000\040\000d\000e\000l\000l\000'\000I\000m\000a\000g\000e\000\040\000C\000l\000a\000s\000s\000i\000f\000i\000c\000a\000t\000i\000o\000n}{chapter.1}% 9
\BOOKMARK [2][-]{subsection.1.2.1}{\376\377\000I\000m\000a\000g\000e\000N\000e\000t\000\040\000C\000h\000a\000l\000l\000e\000n\000g\000e\000\040\000\050\0002\0000\0001\0002\000-\0002\0000\0001\0007\000\051}{section.1.2}% 10
\BOOKMARK [2][-]{subsection.1.2.2}{\376\377\000E\000v\000o\000l\000u\000z\000i\000o\000n\000e\000\040\000v\000e\000r\000s\000o\000\040\000l\000'\000E\000f\000f\000i\000c\000i\000e\000n\000z\000a\000\040\000\050\0002\0000\0001\0007\000-\000o\000g\000g\000i\000\051}{section.1.2}% 11
\BOOKMARK [1][-]{section.1.3}{\376\377\000I\000l\000\040\000D\000a\000t\000a\000s\000e\000t\000\040\000C\000I\000F\000A\000R\000-\0001\0000}{chapter.1}% 12
\BOOKMARK [2][-]{subsection.1.3.1}{\376\377\000C\000a\000r\000a\000t\000t\000e\000r\000i\000s\000t\000i\000c\000h\000e\000\040\000T\000e\000c\000n\000i\000c\000h\000e}{section.1.3}% 13
\BOOKMARK [2][-]{subsection.1.3.2}{\376\377\000I\000m\000p\000o\000r\000t\000a\000n\000z\000a\000\040\000c\000o\000m\000e\000\040\000B\000e\000n\000c\000h\000m\000a\000r\000k}{section.1.3}% 14
\BOOKMARK [1][-]{section.1.4}{\376\377\000S\000t\000a\000t\000o\000\040\000d\000e\000l\000l\000'\000A\000r\000t\000e\000\040\000s\000u\000\040\000C\000I\000F\000A\000R\000-\0001\0000}{chapter.1}% 15
\BOOKMARK [1][-]{section.1.5}{\376\377\000C\000o\000n\000t\000r\000i\000b\000u\000t\000o\000\040\000d\000e\000l\000l\000a\000\040\000T\000e\000s\000i}{chapter.1}% 16
\BOOKMARK [0][-]{chapter.2}{\376\377\000F\000o\000n\000d\000a\000m\000e\000n\000t\000i\000\040\000T\000e\000o\000r\000i\000c\000i}{}% 17
\BOOKMARK [1][-]{section.2.1}{\376\377\000C\000o\000n\000v\000o\000l\000u\000t\000i\000o\000n\000a\000l\000\040\000N\000e\000u\000r\000a\000l\000\040\000N\000e\000t\000w\000o\000r\000k\000s}{chapter.2}% 18
\BOOKMARK [2][-]{subsection.2.1.1}{\376\377\000O\000p\000e\000r\000a\000z\000i\000o\000n\000e\000\040\000d\000i\000\040\000C\000o\000n\000v\000o\000l\000u\000z\000i\000o\000n\000e}{section.2.1}% 19
\BOOKMARK [2][-]{subsection.2.1.2}{\376\377\000C\000o\000m\000p\000o\000n\000e\000n\000t\000i\000\040\000P\000r\000i\000n\000c\000i\000p\000a\000l\000i}{section.2.1}% 20
\BOOKMARK [1][-]{section.2.2}{\376\377\000A\000r\000c\000h\000i\000t\000e\000t\000t\000u\000r\000e\000\040\000R\000e\000s\000i\000d\000u\000a\000l}{chapter.2}% 21
\BOOKMARK [2][-]{subsection.2.2.1}{\376\377\000P\000r\000o\000b\000l\000e\000m\000a\000\040\000d\000e\000l\000\040\000V\000a\000n\000i\000s\000h\000i\000n\000g\000\040\000G\000r\000a\000d\000i\000e\000n\000t}{section.2.2}% 22
\BOOKMARK [2][-]{subsection.2.2.2}{\376\377\000R\000e\000s\000i\000d\000u\000a\000l\000\040\000C\000o\000n\000n\000e\000c\000t\000i\000o\000n\000s}{section.2.2}% 23
\BOOKMARK [1][-]{section.2.3}{\376\377\000D\000e\000p\000t\000h\000w\000i\000s\000e\000\040\000S\000e\000p\000a\000r\000a\000b\000l\000e\000\040\000C\000o\000n\000v\000o\000l\000u\000t\000i\000o\000n\000s}{chapter.2}% 24
\BOOKMARK [2][-]{subsection.2.3.1}{\376\377\000M\000o\000t\000i\000v\000a\000z\000i\000o\000n\000e}{section.2.3}% 25
\BOOKMARK [2][-]{subsection.2.3.2}{\376\377\000D\000e\000p\000t\000h\000w\000i\000s\000e\000\040\000S\000e\000p\000a\000r\000a\000b\000l\000e\000\040\000D\000e\000c\000o\000m\000p\000o\000s\000i\000t\000i\000o\000n}{section.2.3}% 26
\BOOKMARK [1][-]{section.2.4}{\376\377\000I\000n\000v\000e\000r\000t\000e\000d\000\040\000R\000e\000s\000i\000d\000u\000a\000l\000\040\000B\000l\000o\000c\000k\000s\000\040\000\050\000M\000o\000b\000i\000l\000e\000N\000e\000t\000V\0002\000\051}{chapter.2}% 27
\BOOKMARK [2][-]{subsection.2.4.1}{\376\377\000C\000o\000n\000f\000r\000o\000n\000t\000o\000\040\000c\000o\000n\000\040\000B\000o\000t\000t\000l\000e\000n\000e\000c\000k\000\040\000C\000l\000a\000s\000s\000i\000c\000o}{section.2.4}% 28
\BOOKMARK [2][-]{subsection.2.4.2}{\376\377\000S\000t\000r\000u\000t\000t\000u\000r\000a\000\040\000D\000e\000t\000t\000a\000g\000l\000i\000a\000t\000a}{section.2.4}% 29
\BOOKMARK [2][-]{subsection.2.4.3}{\376\377\000M\000o\000t\000i\000v\000a\000z\000i\000o\000n\000e\000\040\000T\000e\000o\000r\000i\000c\000a}{section.2.4}% 30
\BOOKMARK [1][-]{section.2.5}{\376\377\000M\000e\000c\000c\000a\000n\000i\000s\000m\000i\000\040\000d\000i\000\040\000A\000t\000t\000e\000n\000t\000i\000o\000n}{chapter.2}% 31
\BOOKMARK [2][-]{subsection.2.5.1}{\376\377\000C\000o\000n\000c\000e\000t\000t\000o\000\040\000G\000e\000n\000e\000r\000a\000l\000e}{section.2.5}% 32
\BOOKMARK [2][-]{subsection.2.5.2}{\376\377\000S\000q\000u\000e\000e\000z\000e\000-\000a\000n\000d\000-\000E\000x\000c\000i\000t\000a\000t\000i\000o\000n\000\040\000\050\000S\000E\000\051\000\040\000B\000l\000o\000c\000k}{section.2.5}% 33
\BOOKMARK [2][-]{subsection.2.5.3}{\376\377\000E\000f\000f\000i\000c\000i\000e\000n\000t\000\040\000C\000h\000a\000n\000n\000e\000l\000\040\000A\000t\000t\000e\000n\000t\000i\000o\000n\000\040\000\050\000E\000C\000A\000\051\000\040\000B\000l\000o\000c\000k}{section.2.5}% 34
\BOOKMARK [1][-]{section.2.6}{\376\377\000G\000r\000a\000d\000i\000e\000n\000t\000\040\000S\000c\000a\000l\000i\000n\000g\000\040\000e\000\040\000S\000t\000a\000b\000i\000l\000i\000t\000\340\000\040\000d\000e\000l\000\040\000T\000r\000a\000i\000n\000i\000n\000g}{chapter.2}% 35
\BOOKMARK [2][-]{subsection.2.6.1}{\376\377\000P\000r\000o\000b\000l\000e\000m\000a\000:\000\040\000A\000t\000t\000e\000n\000t\000i\000o\000n\000\040\000D\000o\000m\000i\000n\000a\000n\000c\000e}{section.2.6}% 36
\BOOKMARK [2][-]{subsection.2.6.2}{\376\377\000S\000o\000l\000u\000z\000i\000o\000n\000e\000:\000\040\000L\000e\000a\000r\000n\000i\000n\000g\000\040\000R\000a\000t\000e\000\040\000S\000c\000a\000l\000i\000n\000g}{section.2.6}% 37
\BOOKMARK [0][-]{chapter.3}{\376\377\000A\000r\000c\000h\000i\000t\000e\000t\000t\000u\000r\000a\000\040\000M\000o\000b\000i\000l\000e\000N\000e\000t\000E\000C\000A}{}% 38
\BOOKMARK [1][-]{section.3.1}{\376\377\000D\000e\000s\000i\000g\000n\000\040\000C\000o\000m\000p\000l\000e\000s\000s\000i\000v\000o\000\040\000d\000e\000l\000l\000'\000A\000r\000c\000h\000i\000t\000e\000t\000t\000u\000r\000a}{chapter.3}% 39
\BOOKMARK [2][-]{subsection.3.1.1}{\376\377\000P\000i\000p\000e\000l\000i\000n\000e\000\040\000A\000r\000c\000h\000i\000t\000e\000t\000t\000u\000r\000a\000l\000e}{section.3.1}% 40
\BOOKMARK [2][-]{subsection.3.1.2}{\376\377\000T\000a\000b\000e\000l\000l\000a\000\040\000d\000i\000\040\000C\000o\000n\000f\000i\000g\000u\000r\000a\000z\000i\000o\000n\000e}{section.3.1}% 41
\BOOKMARK [2][-]{subsection.3.1.3}{\376\377\000W\000i\000d\000t\000h\000\040\000M\000u\000l\000t\000i\000p\000l\000i\000e\000r}{section.3.1}% 42
\BOOKMARK [1][-]{section.3.2}{\376\377\000I\000n\000v\000e\000r\000t\000e\000d\000\040\000R\000e\000s\000i\000d\000u\000a\000l\000\040\000B\000l\000o\000c\000k\000\040\000c\000o\000n\000\040\000E\000C\000A}{chapter.3}% 43
\BOOKMARK [2][-]{subsection.3.2.1}{\376\377\000S\000t\000r\000u\000t\000t\000u\000r\000a\000\040\000D\000e\000t\000t\000a\000g\000l\000i\000a\000t\000a}{section.3.2}% 44
\BOOKMARK [2][-]{subsection.3.2.2}{\376\377\000I\000m\000p\000l\000e\000m\000e\000n\000t\000a\000z\000i\000o\000n\000e\000\040\000C\000o\000d\000i\000c\000e}{section.3.2}% 45
\BOOKMARK [1][-]{section.3.3}{\376\377\000E\000C\000A\000\040\000B\000l\000o\000c\000k\000:\000\040\000I\000m\000p\000l\000e\000m\000e\000n\000t\000a\000z\000i\000o\000n\000e\000\040\000D\000e\000t\000t\000a\000g\000l\000i\000a\000t\000a}{chapter.3}% 46
\BOOKMARK [2][-]{subsection.3.3.1}{\376\377\000F\000o\000r\000m\000u\000l\000a\000\040\000d\000e\000l\000\040\000K\000e\000r\000n\000e\000l\000\040\000A\000d\000a\000t\000t\000i\000v\000o}{section.3.3}% 47
\BOOKMARK [2][-]{subsection.3.3.2}{\376\377\000F\000o\000r\000w\000a\000r\000d\000\040\000P\000a\000s\000s\000\040\000S\000t\000e\000p\000-\000b\000y\000-\000S\000t\000e\000p}{section.3.3}% 48
\BOOKMARK [2][-]{subsection.3.3.3}{\376\377\000C\000o\000d\000i\000c\000e\000\040\000I\000m\000p\000l\000e\000m\000e\000n\000t\000a\000z\000i\000o\000n\000e}{section.3.3}% 49
\BOOKMARK [1][-]{section.3.4}{\376\377\000A\000n\000a\000l\000i\000s\000i\000\040\000d\000e\000l\000l\000a\000\040\000C\000o\000m\000p\000l\000e\000s\000s\000i\000t\000\340}{chapter.3}% 50
\BOOKMARK [2][-]{subsection.3.4.1}{\376\377\000P\000a\000r\000a\000m\000e\000t\000r\000i}{section.3.4}% 51
\BOOKMARK [2][-]{subsection.3.4.2}{\376\377\000F\000L\000O\000P\000s}{section.3.4}% 52
\BOOKMARK [2][-]{subsection.3.4.3}{\376\377\000C\000o\000n\000f\000r\000o\000n\000t\000o\000\040\000c\000o\000n\000\040\000A\000l\000t\000r\000i\000\040\000M\000o\000d\000e\000l\000l\000i}{section.3.4}% 53
\BOOKMARK [1][-]{section.3.5}{\376\377\000S\000c\000e\000l\000t\000e\000\040\000I\000m\000p\000l\000e\000m\000e\000n\000t\000a\000t\000i\000v\000e}{chapter.3}% 54
\BOOKMARK [2][-]{subsection.3.5.1}{\376\377\000O\000p\000t\000i\000m\000i\000z\000e\000r}{section.3.5}% 55
\BOOKMARK [2][-]{subsection.3.5.2}{\376\377\000L\000e\000a\000r\000n\000i\000n\000g\000\040\000R\000a\000t\000e\000\040\000S\000c\000h\000e\000d\000u\000l\000e}{section.3.5}% 56
\BOOKMARK [2][-]{subsection.3.5.3}{\376\377\000W\000e\000i\000g\000h\000t\000\040\000D\000e\000c\000a\000y}{section.3.5}% 57
\BOOKMARK [2][-]{subsection.3.5.4}{\376\377\000D\000a\000t\000a\000\040\000A\000u\000g\000m\000e\000n\000t\000a\000t\000i\000o\000n}{section.3.5}% 58
\BOOKMARK [2][-]{subsection.3.5.5}{\376\377\000G\000r\000a\000d\000i\000e\000n\000t\000\040\000C\000l\000i\000p\000p\000i\000n\000g}{section.3.5}% 59
\BOOKMARK [0][-]{chapter.4}{\376\377\000M\000e\000t\000o\000d\000o\000l\000o\000g\000i\000a\000\040\000S\000p\000e\000r\000i\000m\000e\000n\000t\000a\000l\000e}{}% 60
\BOOKMARK [1][-]{section.4.1}{\376\377\000G\000r\000i\000d\000\040\000S\000e\000a\000r\000c\000h\000\040\000S\000i\000s\000t\000e\000m\000a\000t\000i\000c\000a}{chapter.4}% 61
\BOOKMARK [2][-]{subsection.4.1.1}{\376\377\000O\000b\000i\000e\000t\000t\000i\000v\000o}{section.4.1}% 62
\BOOKMARK [2][-]{subsection.4.1.2}{\376\377\000S\000p\000a\000z\000i\000o\000\040\000d\000i\000\040\000R\000i\000c\000e\000r\000c\000a}{section.4.1}% 63
\BOOKMARK [2][-]{subsection.4.1.3}{\376\377\000S\000t\000r\000a\000t\000e\000g\000i\000a\000:\000\040\000T\000w\000o\000-\000P\000h\000a\000s\000e\000\040\000A\000p\000p\000r\000o\000a\000c\000h}{section.4.1}% 64
\BOOKMARK [2][-]{subsection.4.1.4}{\376\377\000S\000c\000o\000r\000i\000n\000g\000\040\000F\000u\000n\000c\000t\000i\000o\000n}{section.4.1}% 65
\BOOKMARK [1][-]{section.4.2}{\376\377\000I\000m\000p\000l\000e\000m\000e\000n\000t\000a\000z\000i\000o\000n\000e\000\040\000G\000r\000i\000d\000\040\000S\000e\000a\000r\000c\000h}{chapter.4}% 66
\BOOKMARK [2][-]{subsection.4.2.1}{\376\377\000C\000o\000d\000i\000c\000e\000\040\000e\000\040\000W\000o\000r\000k\000f\000l\000o\000w}{section.4.2}% 67
\BOOKMARK [2][-]{subsection.4.2.2}{\376\377\000O\000u\000t\000p\000u\000t\000\040\000e\000\040\000A\000r\000t\000i\000f\000a\000c\000t}{section.4.2}% 68
\BOOKMARK [1][-]{section.4.3}{\376\377\000R\000i\000s\000u\000l\000t\000a\000t\000i\000\040\000G\000r\000i\000d\000\040\000S\000e\000a\000r\000c\000h}{chapter.4}% 69
\BOOKMARK [2][-]{subsection.4.3.1}{\376\377\000S\000t\000a\000t\000i\000s\000t\000i\000c\000h\000e\000\040\000P\000h\000a\000s\000e\000\040\0001}{section.4.3}% 70
\BOOKMARK [2][-]{subsection.4.3.2}{\376\377\000T\000o\000p\000-\0005\000\040\000C\000o\000n\000f\000i\000g\000u\000r\000a\000z\000i\000o\000n\000i\000\040\000\050\000d\000a\000\040\000P\000h\000a\000s\000e\000\040\0002\000\051}{section.4.3}% 71
\BOOKMARK [2][-]{subsection.4.3.3}{\376\377\000A\000n\000a\000l\000i\000s\000i\000\040\000I\000n\000s\000i\000g\000h\000t\000s}{section.4.3}% 72
\BOOKMARK [2][-]{subsection.4.3.4}{\376\377\000V\000i\000s\000u\000a\000l\000i\000z\000z\000a\000z\000i\000o\000n\000i\000\040\000H\000e\000a\000t\000m\000a\000p}{section.4.3}% 73
\BOOKMARK [1][-]{section.4.4}{\376\377\000T\000r\000a\000i\000n\000i\000n\000g\000\040\000F\000i\000n\000a\000l\000e\000\040\000\050\0002\0000\0000\000\040\000E\000p\000o\000c\000h\000e\000\051}{chapter.4}% 74
\BOOKMARK [2][-]{subsection.4.4.1}{\376\377\000C\000o\000n\000f\000i\000g\000u\000r\000a\000z\000i\000o\000n\000e\000\040\000S\000c\000e\000l\000t\000a}{section.4.4}% 75
\BOOKMARK [2][-]{subsection.4.4.2}{\376\377\000D\000e\000t\000t\000a\000g\000l\000i\000\040\000T\000r\000a\000i\000n\000i\000n\000g}{section.4.4}% 76
\BOOKMARK [2][-]{subsection.4.4.3}{\376\377\000C\000u\000r\000v\000e\000\040\000d\000i\000\040\000T\000r\000a\000i\000n\000i\000n\000g}{section.4.4}% 77
\BOOKMARK [1][-]{section.4.5}{\376\377\000V\000a\000l\000i\000d\000a\000z\000i\000o\000n\000e\000\040\000e\000\040\000T\000e\000s\000t\000i\000n\000g}{chapter.4}% 78
\BOOKMARK [2][-]{subsection.4.5.1}{\376\377\000S\000p\000l\000i\000t\000\040\000D\000a\000t\000a\000s\000e\000t}{section.4.5}% 79
\BOOKMARK [2][-]{subsection.4.5.2}{\376\377\000M\000e\000t\000r\000i\000c\000h\000e\000\040\000d\000i\000\040\000V\000a\000l\000u\000t\000a\000z\000i\000o\000n\000e}{section.4.5}% 80
\BOOKMARK [2][-]{subsection.4.5.3}{\376\377\000P\000r\000o\000t\000o\000c\000o\000l\000l\000o\000\040\000F\000a\000i\000r}{section.4.5}% 81
\BOOKMARK [0][-]{chapter.5}{\376\377\000R\000i\000s\000u\000l\000t\000a\000t\000i\000\040\000e\000\040\000A\000n\000a\000l\000i\000s\000i}{}% 82
\BOOKMARK [0][-]{chapter.6}{\376\377\000R\000i\000s\000u\000l\000t\000a\000t\000i\000\040\000S\000p\000e\000r\000i\000m\000e\000n\000t\000a\000l\000i}{}% 83
\BOOKMARK [1][-]{section.6.1}{\376\377\000P\000r\000e\000s\000t\000a\000z\000i\000o\000n\000i\000\040\000F\000i\000n\000a\000l\000i\000\040\000d\000e\000l\000\040\000M\000o\000d\000e\000l\000l\000o}{chapter.6}% 84
\BOOKMARK [2][-]{subsection.6.1.1}{\376\377\000A\000c\000c\000u\000r\000a\000t\000e\000z\000z\000a\000\040\000G\000l\000o\000b\000a\000l\000e}{section.6.1}% 85
\BOOKMARK [1][-]{section.6.2}{\376\377\000A\000n\000a\000l\000i\000s\000i\000\040\000d\000e\000l\000l\000'\000A\000d\000d\000e\000s\000t\000r\000a\000m\000e\000n\000t\000o}{chapter.6}% 86
\BOOKMARK [2][-]{subsection.6.2.1}{\376\377\000D\000i\000n\000a\000m\000i\000c\000h\000e\000\040\000d\000i\000\040\000C\000o\000n\000v\000e\000r\000g\000e\000n\000z\000a}{section.6.2}% 87
\BOOKMARK [1][-]{section.6.3}{\376\377\000E\000f\000f\000i\000c\000i\000e\000n\000z\000a\000:\000\040\000T\000r\000a\000d\000e\000-\000o\000f\000f\000\040\000A\000c\000c\000u\000r\000a\000c\000y\000\040\000v\000s\000\040\000P\000a\000r\000a\000m\000e\000t\000r\000i}{chapter.6}% 88
\BOOKMARK [1][-]{section.6.4}{\376\377\000A\000n\000a\000l\000i\000s\000i\000\040\000D\000e\000t\000t\000a\000g\000l\000i\000a\000t\000a\000\040\000d\000e\000g\000l\000i\000\040\000E\000r\000r\000o\000r\000i}{chapter.6}% 89
\BOOKMARK [2][-]{subsection.6.4.1}{\376\377\000M\000a\000t\000r\000i\000c\000e\000\040\000d\000i\000\040\000C\000o\000n\000f\000u\000s\000i\000o\000n\000e}{section.6.4}% 90
\BOOKMARK [2][-]{subsection.6.4.2}{\376\377\000C\000u\000r\000v\000e\000\040\000R\000O\000C\000\040\000e\000\040\000A\000U\000C}{section.6.4}% 91
\BOOKMARK [1][-]{section.6.5}{\376\377\000C\000o\000n\000f\000r\000o\000n\000t\000o\000\040\000T\000a\000b\000e\000l\000l\000a\000r\000e\000\040\000c\000o\000n\000\040\000S\000O\000T\000A}{chapter.6}% 92
\BOOKMARK [0][-]{chapter.7}{\376\377\000D\000i\000s\000c\000u\000s\000s\000i\000o\000n\000e}{}% 93
\BOOKMARK [1][-]{section.7.1}{\376\377\000I\000n\000t\000e\000r\000p\000r\000e\000t\000a\000z\000i\000o\000n\000e\000\040\000d\000e\000i\000\040\000R\000i\000s\000u\000l\000t\000a\000t\000i}{chapter.7}% 94
\BOOKMARK [2][-]{subsection.7.1.1}{\376\377\000G\000r\000i\000d\000\040\000S\000e\000a\000r\000c\000h\000:\000\040\000L\000e\000z\000i\000o\000n\000i\000\040\000A\000p\000p\000r\000e\000s\000e}{section.7.1}% 95
\BOOKMARK [2][-]{subsection.7.1.2}{\376\377\000G\000E\000L\000U\000\040\000v\000s\000\040\000R\000e\000L\000U}{section.7.1}% 96
\BOOKMARK [2][-]{subsection.7.1.3}{\376\377\000C\000o\000s\000i\000n\000e\000\040\000A\000n\000n\000e\000a\000l\000i\000n\000g\000:\000\040\000E\000f\000f\000i\000c\000a\000c\000i\000a}{section.7.1}% 97
\BOOKMARK [2][-]{subsection.7.1.4}{\376\377\000C\000o\000n\000t\000r\000i\000b\000u\000t\000o\000\040\000Q\000u\000a\000n\000t\000i\000t\000a\000t\000i\000v\000o\000\040\000d\000i\000\040\000E\000C\000A}{section.7.1}% 98
\BOOKMARK [1][-]{section.7.2}{\376\377\000V\000a\000l\000i\000d\000i\000t\000\340\000\040\000d\000e\000l\000l\000'\000A\000p\000p\000r\000o\000c\000c\000i\000o}{chapter.7}% 99
\BOOKMARK [2][-]{subsection.7.2.1}{\376\377\000P\000u\000n\000t\000i\000\040\000d\000i\000\040\000F\000o\000r\000z\000a}{section.7.2}% 100
\BOOKMARK [2][-]{subsection.7.2.2}{\376\377\000L\000i\000m\000i\000t\000a\000z\000i\000o\000n\000i}{section.7.2}% 101
\BOOKMARK [1][-]{section.7.3}{\376\377\000P\000o\000s\000i\000z\000i\000o\000n\000a\000m\000e\000n\000t\000o\000\040\000r\000i\000s\000p\000e\000t\000t\000o\000\040\000a\000l\000l\000o\000\040\000S\000O\000T\000A}{chapter.7}% 102
\BOOKMARK [2][-]{subsection.7.3.1}{\376\377\000F\000r\000o\000n\000t\000i\000e\000r\000a\000\040\000E\000f\000f\000i\000c\000i\000e\000n\000z\000a\000-\000A\000c\000c\000u\000r\000a\000t\000e\000z\000z\000a}{section.7.3}% 103
\BOOKMARK [2][-]{subsection.7.3.2}{\376\377\000T\000r\000a\000d\000e\000-\000o\000f\000f\000\040\000O\000t\000t\000i\000m\000a\000l\000e\000\040\000p\000e\000r\000\040\000A\000p\000p\000l\000i\000c\000a\000z\000i\000o\000n\000i\000\040\000S\000p\000e\000c\000i\000f\000i\000c\000h\000e}{section.7.3}% 104
\BOOKMARK [1][-]{section.7.4}{\376\377\000G\000e\000n\000e\000r\000a\000l\000i\000z\000z\000a\000b\000i\000l\000i\000t\000\340}{chapter.7}% 105
\BOOKMARK [2][-]{subsection.7.4.1}{\376\377\000A\000p\000p\000l\000i\000c\000a\000z\000i\000o\000n\000e\000\040\000a\000\040\000D\000a\000t\000a\000s\000e\000t\000\040\000S\000i\000m\000i\000l\000i}{section.7.4}% 106
\BOOKMARK [2][-]{subsection.7.4.2}{\376\377\000S\000c\000a\000l\000a\000b\000i\000l\000i\000t\000\340\000\040\000a\000\040\000R\000i\000s\000o\000l\000u\000z\000i\000o\000n\000i\000\040\000M\000a\000g\000g\000i\000o\000r\000i}{section.7.4}% 107
\BOOKMARK [2][-]{subsection.7.4.3}{\376\377\000T\000r\000a\000n\000s\000f\000e\000r\000\040\000L\000e\000a\000r\000n\000i\000n\000g\000\040\000P\000o\000t\000e\000n\000t\000i\000a\000l}{section.7.4}% 108
\BOOKMARK [1][-]{section.7.5}{\376\377\000I\000m\000p\000l\000i\000c\000a\000z\000i\000o\000n\000i\000\040\000P\000r\000a\000t\000i\000c\000h\000e}{chapter.7}% 109
\BOOKMARK [2][-]{subsection.7.5.1}{\376\377\000S\000c\000e\000n\000a\000r\000i\000\040\000d\000i\000\040\000D\000e\000p\000l\000o\000y\000\040\000R\000e\000a\000l\000i}{section.7.5}% 110
\BOOKMARK [2][-]{subsection.7.5.2}{\376\377\000B\000e\000n\000e\000f\000i\000c\000i\000\040\000A\000m\000b\000i\000e\000n\000t\000a\000l\000i\000\040\000e\000d\000\040\000E\000c\000o\000n\000o\000m\000i\000c\000i}{section.7.5}% 111
\BOOKMARK [2][-]{subsection.7.5.3}{\376\377\000P\000r\000i\000v\000a\000c\000y\000\040\000e\000\040\000S\000i\000c\000u\000r\000e\000z\000z\000a}{section.7.5}% 112
\BOOKMARK [1][-]{section.7.6}{\376\377\000C\000o\000n\000f\000r\000o\000n\000t\000o\000\040\000c\000o\000n\000\040\000N\000e\000u\000r\000a\000l\000\040\000A\000r\000c\000h\000i\000t\000e\000c\000t\000u\000r\000e\000\040\000S\000e\000a\000r\000c\000h}{chapter.7}% 113
\BOOKMARK [0][-]{chapter*.16}{\376\377\000C\000o\000n\000c\000l\000u\000s\000i\000o\000n\000i\000\040\000e\000\040\000S\000v\000i\000l\000u\000p\000p\000i\000\040\000F\000u\000t\000u\000r\000i}{}% 114
\BOOKMARK [0][-]{chapter*.29}{\376\377\000B\000i\000b\000l\000i\000o\000g\000r\000a\000f\000i\000a}{}% 115
